timestamp: 2015-08-25T13:17:31.136000
CREATE TABLE auth_user(
    id INTEGER PRIMARY KEY AUTOINCREMENT,
    first_name CHAR(128),
    last_name CHAR(128),
    email CHAR(512),
    password CHAR(512),
    registration_key CHAR(512),
    reset_password_key CHAR(512),
    registration_id CHAR(512)
);
success!
timestamp: 2015-08-25T13:17:31.981000
CREATE TABLE auth_group(
    id INTEGER PRIMARY KEY AUTOINCREMENT,
    role CHAR(512),
    description TEXT
);
success!
timestamp: 2015-08-25T13:17:32.159000
CREATE TABLE auth_membership(
    id INTEGER PRIMARY KEY AUTOINCREMENT,
    user_id INTEGER REFERENCES auth_user (id) ON DELETE CASCADE,
    group_id INTEGER REFERENCES auth_group (id) ON DELETE CASCADE
);
success!
timestamp: 2015-08-25T13:17:32.271000
CREATE TABLE auth_permission(
    id INTEGER PRIMARY KEY AUTOINCREMENT,
    group_id INTEGER REFERENCES auth_group (id) ON DELETE CASCADE,
    name CHAR(512),
    table_name CHAR(512),
    record_id INTEGER
);
success!
timestamp: 2015-08-25T13:17:32.437000
CREATE TABLE auth_event(
    id INTEGER PRIMARY KEY AUTOINCREMENT,
    time_stamp TIMESTAMP,
    client_ip CHAR(512),
    user_id INTEGER REFERENCES auth_user (id) ON DELETE CASCADE,
    origin CHAR(512),
    description TEXT
);
success!
timestamp: 2015-08-25T13:17:32.547000
CREATE TABLE auth_cas(
    id INTEGER PRIMARY KEY AUTOINCREMENT,
    user_id INTEGER REFERENCES auth_user (id) ON DELETE CASCADE,
    created_on TIMESTAMP,
    service CHAR(512),
    ticket CHAR(512),
    renew CHAR(1)
);
success!
timestamp: 2015-08-25T13:18:33.402000
CREATE TABLE guest(
    id INTEGER PRIMARY KEY AUTOINCREMENT,
    first_name CHAR(512) NOT NULL,
    family_name CHAR(512) NOT NULL,
    birth_year INTEGER NOT NULL,
    sex CHAR(512) NOT NULL,
    national_number CHAR(512) NOT NULL,
    registration_date DATE,
    registrator INTEGER REFERENCES auth_user (id) ON DELETE CASCADE,
    age CHAR(512)
);
success!
timestamp: 2015-08-25T13:18:33.627000
CREATE TABLE talk(
    id INTEGER PRIMARY KEY AUTOINCREMENT,
    registrator INTEGER REFERENCES auth_user (id) ON DELETE CASCADE,
    guest INTEGER REFERENCES guest (id) ON DELETE CASCADE,
    date_talk DATE,
    type_of_talk CHAR(512) NOT NULL,
    story TEXT
);
success!
timestamp: 2015-08-25T13:18:33.767000
CREATE TABLE competence(
    id INTEGER PRIMARY KEY AUTOINCREMENT,
    guest INTEGER REFERENCES guest (id) ON DELETE CASCADE,
    state_of_competence CHAR(512) NOT NULL,
    competence CHAR(512) NOT NULL,
    type_of_competence CHAR(512)
);
success!
timestamp: 2015-08-25T13:18:33.952000
CREATE TABLE things_to_do(
    id INTEGER PRIMARY KEY AUTOINCREMENT,
    guest INTEGER REFERENCES guest (id) ON DELETE CASCADE,
    guidance CHAR(512),
    startdate DATE NOT NULL DEFAULT '2015-08-25',
    date_to_aim DATE,
    story TEXT,
    success CHAR(1)
);
success!
